<?xml version="1.0" encoding="UTF-8"?>
<testng-results ignored="0" total="1" passed="1" failed="0" skipped="0">
  <reporter-output>
  </reporter-output>
  <suite started-at="2022-09-10T12:24:52 IST" name="Default suite" finished-at="2022-09-10T12:25:17 IST" duration-ms="25630">
    <groups>
    </groups>
    <test started-at="2022-09-10T12:24:52 IST" name="Default test" finished-at="2022-09-10T12:25:17 IST" duration-ms="25630">
      <class name="com.selenium.framework.myAccount.MyAccountTest">
        <test-method is-config="true" signature="launchBrowser()[pri:0, instance:com.selenium.framework.myAccount.MyAccountTest@4a8b5227]" started-at="2022-09-10T12:24:38 IST" name="launchBrowser" finished-at="2022-09-10T12:24:52 IST" duration-ms="14000" status="PASS">
          <reporter-output>
          </reporter-output>
        </test-method> <!-- launchBrowser -->
        <test-method is-config="true" signature="homeToMyAccount()[pri:0, instance:com.selenium.framework.myAccount.MyAccountTest@4a8b5227]" started-at="2022-09-10T12:24:52 IST" name="homeToMyAccount" finished-at="2022-09-10T12:25:14 IST" duration-ms="22136" status="PASS">
          <reporter-output>
          </reporter-output>
        </test-method> <!-- homeToMyAccount -->
        <test-method signature="verifywishlistbtn()[pri:0, instance:com.selenium.framework.myAccount.MyAccountTest@4a8b5227]" started-at="2022-09-10T12:25:14 IST" name="verifywishlistbtn" finished-at="2022-09-10T12:25:17 IST" duration-ms="3167" status="PASS">
          <reporter-output>
          </reporter-output>
        </test-method> <!-- verifywishlistbtn -->
        <test-method is-config="true" signature="closeApplication()[pri:0, instance:com.selenium.framework.myAccount.MyAccountTest@4a8b5227]" started-at="2022-09-10T12:25:18 IST" name="closeApplication" finished-at="2022-09-10T12:25:20 IST" duration-ms="2487" status="PASS">
          <reporter-output>
          </reporter-output>
        </test-method> <!-- closeApplication -->
      </class> <!-- com.selenium.framework.myAccount.MyAccountTest -->
    </test> <!-- Default test -->
  </suite> <!-- Default suite -->
</testng-results>
